c:\projects\visualstudioprojects\widget\widget\debug\moc_widget.obj
c:\projects\visualstudioprojects\widget\widget\debug\qrc_widget.obj
c:\projects\visualstudioprojects\widget\widget\debug\widget.obj
c:\projects\visualstudioprojects\widget\widget\debug\algorithmclass.obj
c:\projects\visualstudioprojects\widget\widget\debug\main.obj
c:\projects\visualstudioprojects\widget\widget\debug\vc140.pdb
c:\projects\visualstudioprojects\widget\widget\.\generatedfiles\debug\moc_widget.cpp
c:\projects\visualstudioprojects\widget\widget\.\generatedfiles\qrc_widget.cpp
c:\projects\visualstudioprojects\widget\widget\.\generatedfiles\ui_widget.h
c:\projects\visualstudioprojects\widget\widget\generatedfiles\debug\moc_widget.cpp
c:\projects\visualstudioprojects\widget\widget\generatedfiles\qrc_widget.cpp
c:\projects\visualstudioprojects\widget\widget\generatedfiles\ui_widget.h
c:\projects\visualstudioprojects\widget\win32\debug\widget.pdb
c:\projects\visualstudioprojects\widget\widget\debug\widget.tlog\cl.command.1.tlog
c:\projects\visualstudioprojects\widget\widget\debug\widget.tlog\cl.read.1.tlog
c:\projects\visualstudioprojects\widget\widget\debug\widget.tlog\cl.write.1.tlog
c:\projects\visualstudioprojects\widget\widget\debug\widget.tlog\link-cvtres.read.1.tlog
c:\projects\visualstudioprojects\widget\widget\debug\widget.tlog\link-cvtres.write.1.tlog
c:\projects\visualstudioprojects\widget\widget\debug\widget.tlog\link-rc.read.1.tlog
c:\projects\visualstudioprojects\widget\widget\debug\widget.tlog\link-rc.write.1.tlog
c:\projects\visualstudioprojects\widget\widget\debug\widget.tlog\link.command.1.tlog
c:\projects\visualstudioprojects\widget\widget\debug\widget.tlog\link.read.1.tlog
c:\projects\visualstudioprojects\widget\widget\debug\widget.tlog\link.write.1.tlog
c:\projects\visualstudioprojects\widget\widget\debug\widget.tlog\qtmoc.read.1u.tlog
c:\projects\visualstudioprojects\widget\widget\debug\widget.tlog\qtmoc.write.1u.tlog
c:\projects\visualstudioprojects\widget\widget\debug\widget.tlog\qtrcc.read.1u.tlog
c:\projects\visualstudioprojects\widget\widget\debug\widget.tlog\qtrcc.write.1u.tlog
c:\projects\visualstudioprojects\widget\widget\debug\widget.tlog\qtuic.read.1u.tlog
c:\projects\visualstudioprojects\widget\widget\debug\widget.tlog\qtuic.write.1u.tlog
c:\projects\visualstudioprojects\widget\widget\debug\widget.tlog\widget.write.1u.tlog
